{"/Users/sergiojaramillo/Documents/makeitreal/top27/examples/backend/api-with-mongo/src/app.js": {"path":"/Users/sergiojaramillo/Documents/makeitreal/top27/examples/backend/api-with-mongo/src/app.js","statementMap":{"0":{"start":{"line":1,"column":0},"end":{"line":1,"column":26}},"1":{"start":{"line":2,"column":16},"end":{"line":2,"column":34}},"2":{"start":{"line":3,"column":18},"end":{"line":3,"column":46}},"3":{"start":{"line":4,"column":22},"end":{"line":4,"column":49}},"4":{"start":{"line":5,"column":15},"end":{"line":5,"column":34}},"5":{"start":{"line":6,"column":20},"end":{"line":6,"column":47}},"6":{"start":{"line":8,"column":12},"end":{"line":8,"column":21}},"7":{"start":{"line":9,"column":0},"end":{"line":9,"column":9}},"8":{"start":{"line":12,"column":0},"end":{"line":12,"column":18}},"9":{"start":{"line":14,"column":0},"end":{"line":14,"column":11}},"10":{"start":{"line":16,"column":0},"end":{"line":16,"column":34}},"11":{"start":{"line":18,"column":0},"end":{"line":18,"column":20}}},"fnMap":{},"branchMap":{},"s":{"0":1,"1":1,"2":1,"3":1,"4":1,"5":1,"6":1,"7":1,"8":1,"9":1,"10":1,"11":1},"f":{},"b":{},"_coverageSchema":"1a1c01bbd47fc00a2c39e90264f33305004495a9","hash":"03b2a795f980954f28e3f285a2191c5bfb7385bc"}
,"/Users/sergiojaramillo/Documents/makeitreal/top27/examples/backend/api-with-mongo/src/routes.js": {"path":"/Users/sergiojaramillo/Documents/makeitreal/top27/examples/backend/api-with-mongo/src/routes.js","statementMap":{"0":{"start":{"line":1,"column":20},"end":{"line":1,"column":48}},"1":{"start":{"line":2,"column":13},"end":{"line":2,"column":34}},"2":{"start":{"line":3,"column":13},"end":{"line":3,"column":34}},"3":{"start":{"line":5,"column":15},"end":{"line":9,"column":1}},"4":{"start":{"line":6,"column":2},"end":{"line":6,"column":42}},"5":{"start":{"line":7,"column":2},"end":{"line":7,"column":29}},"6":{"start":{"line":8,"column":2},"end":{"line":8,"column":29}},"7":{"start":{"line":11,"column":0},"end":{"line":11,"column":23}}},"fnMap":{"0":{"name":"(anonymous_0)","decl":{"start":{"line":5,"column":15},"end":{"line":5,"column":16}},"loc":{"start":{"line":5,"column":24},"end":{"line":9,"column":1}},"line":5}},"branchMap":{},"s":{"0":1,"1":1,"2":1,"3":1,"4":1,"5":1,"6":1,"7":1},"f":{"0":1},"b":{},"_coverageSchema":"1a1c01bbd47fc00a2c39e90264f33305004495a9","hash":"5775f1f09ae7e00096b9e4a171e4cf0de648e4bc"}
,"/Users/sergiojaramillo/Documents/makeitreal/top27/examples/backend/api-with-mongo/src/api/healthcheck/index.js": {"path":"/Users/sergiojaramillo/Documents/makeitreal/top27/examples/backend/api-with-mongo/src/api/healthcheck/index.js","statementMap":{"0":{"start":{"line":1,"column":19},"end":{"line":1,"column":37}},"1":{"start":{"line":3,"column":15},"end":{"line":3,"column":23}},"2":{"start":{"line":17,"column":0},"end":{"line":19,"column":3}},"3":{"start":{"line":18,"column":2},"end":{"line":18,"column":49}},"4":{"start":{"line":21,"column":0},"end":{"line":21,"column":24}}},"fnMap":{"0":{"name":"(anonymous_0)","decl":{"start":{"line":17,"column":16},"end":{"line":17,"column":17}},"loc":{"start":{"line":17,"column":30},"end":{"line":19,"column":1}},"line":17}},"branchMap":{},"s":{"0":1,"1":1,"2":1,"3":0,"4":1},"f":{"0":0},"b":{},"_coverageSchema":"1a1c01bbd47fc00a2c39e90264f33305004495a9","hash":"0cdd5d107b1990dc0580a0033263961e04509da3"}
,"/Users/sergiojaramillo/Documents/makeitreal/top27/examples/backend/api-with-mongo/src/api/user/index.js": {"path":"/Users/sergiojaramillo/Documents/makeitreal/top27/examples/backend/api-with-mongo/src/api/user/index.js","statementMap":{"0":{"start":{"line":1,"column":15},"end":{"line":1,"column":42}},"1":{"start":{"line":2,"column":23},"end":{"line":2,"column":51}},"2":{"start":{"line":4,"column":0},"end":{"line":4,"column":51}},"3":{"start":{"line":5,"column":0},"end":{"line":5,"column":51}},"4":{"start":{"line":21,"column":0},"end":{"line":21,"column":47}},"5":{"start":{"line":46,"column":0},"end":{"line":46,"column":53}},"6":{"start":{"line":85,"column":0},"end":{"line":85,"column":50}},"7":{"start":{"line":87,"column":0},"end":{"line":87,"column":24}}},"fnMap":{},"branchMap":{},"s":{"0":1,"1":1,"2":1,"3":1,"4":1,"5":1,"6":1,"7":1},"f":{},"b":{},"_coverageSchema":"1a1c01bbd47fc00a2c39e90264f33305004495a9","hash":"d994943c8a7092da751b5aafbf8a226001ba60e2"}
,"/Users/sergiojaramillo/Documents/makeitreal/top27/examples/backend/api-with-mongo/src/api/user/user.controller.js": {"path":"/Users/sergiojaramillo/Documents/makeitreal/top27/examples/backend/api-with-mongo/src/api/user/user.controller.js","statementMap":{"0":{"start":{"line":1,"column":15},"end":{"line":1,"column":32}},"1":{"start":{"line":2,"column":12},"end":{"line":2,"column":35}},"2":{"start":{"line":3,"column":13},"end":{"line":3,"column":36}},"3":{"start":{"line":5,"column":0},"end":{"line":99,"column":2}},"4":{"start":{"line":8,"column":4},"end":{"line":26,"column":5}},"5":{"start":{"line":9,"column":40},"end":{"line":9,"column":48}},"6":{"start":{"line":14,"column":26},"end":{"line":14,"column":56}},"7":{"start":{"line":15,"column":19},"end":{"line":15,"column":76}},"8":{"start":{"line":17,"column":20},"end":{"line":21,"column":7}},"9":{"start":{"line":23,"column":6},"end":{"line":23,"column":98}},"10":{"start":{"line":25,"column":6},"end":{"line":25,"column":85}},"11":{"start":{"line":30,"column":4},"end":{"line":55,"column":5}},"12":{"start":{"line":31,"column":34},"end":{"line":31,"column":42}},"13":{"start":{"line":33,"column":19},"end":{"line":33,"column":48}},"14":{"start":{"line":35,"column":6},"end":{"line":37,"column":7}},"15":{"start":{"line":36,"column":8},"end":{"line":36,"column":55}},"16":{"start":{"line":39,"column":22},"end":{"line":39,"column":67}},"17":{"start":{"line":41,"column":6},"end":{"line":43,"column":7}},"18":{"start":{"line":42,"column":8},"end":{"line":42,"column":55}},"19":{"start":{"line":45,"column":20},"end":{"line":49,"column":7}},"20":{"start":{"line":51,"column":6},"end":{"line":51,"column":90}},"21":{"start":{"line":53,"column":6},"end":{"line":53,"column":85}},"22":{"start":{"line":59,"column":4},"end":{"line":68,"column":5}},"23":{"start":{"line":60,"column":20},"end":{"line":63,"column":8}},"24":{"start":{"line":65,"column":6},"end":{"line":65,"column":68}},"25":{"start":{"line":67,"column":6},"end":{"line":67,"column":32}},"26":{"start":{"line":72,"column":4},"end":{"line":80,"column":5}},"27":{"start":{"line":73,"column":25},"end":{"line":73,"column":35}},"28":{"start":{"line":75,"column":19},"end":{"line":75,"column":46}},"29":{"start":{"line":77,"column":6},"end":{"line":77,"column":66}},"30":{"start":{"line":79,"column":6},"end":{"line":79,"column":32}},"31":{"start":{"line":85,"column":17},"end":{"line":85,"column":25}},"32":{"start":{"line":87,"column":20},"end":{"line":89,"column":5}},"33":{"start":{"line":91,"column":4},"end":{"line":97,"column":9}},"34":{"start":{"line":93,"column":8},"end":{"line":93,"column":70}},"35":{"start":{"line":96,"column":8},"end":{"line":96,"column":34}}},"fnMap":{"0":{"name":"(anonymous_0)","decl":{"start":{"line":7,"column":2},"end":{"line":7,"column":3}},"loc":{"start":{"line":7,"column":25},"end":{"line":27,"column":3}},"line":7},"1":{"name":"(anonymous_1)","decl":{"start":{"line":29,"column":2},"end":{"line":29,"column":3}},"loc":{"start":{"line":29,"column":25},"end":{"line":56,"column":3}},"line":29},"2":{"name":"(anonymous_2)","decl":{"start":{"line":58,"column":2},"end":{"line":58,"column":3}},"loc":{"start":{"line":58,"column":28},"end":{"line":69,"column":3}},"line":58},"3":{"name":"(anonymous_3)","decl":{"start":{"line":71,"column":2},"end":{"line":71,"column":3}},"loc":{"start":{"line":71,"column":27},"end":{"line":82,"column":3}},"line":71},"4":{"name":"(anonymous_4)","decl":{"start":{"line":84,"column":2},"end":{"line":84,"column":3}},"loc":{"start":{"line":84,"column":23},"end":{"line":98,"column":3}},"line":84},"5":{"name":"(anonymous_5)","decl":{"start":{"line":92,"column":12},"end":{"line":92,"column":13}},"loc":{"start":{"line":92,"column":22},"end":{"line":94,"column":7}},"line":92},"6":{"name":"(anonymous_6)","decl":{"start":{"line":95,"column":13},"end":{"line":95,"column":14}},"loc":{"start":{"line":95,"column":22},"end":{"line":97,"column":7}},"line":95}},"branchMap":{"0":{"loc":{"start":{"line":35,"column":6},"end":{"line":37,"column":7}},"type":"if","locations":[{"start":{"line":35,"column":6},"end":{"line":37,"column":7}},{"start":{},"end":{}}],"line":35},"1":{"loc":{"start":{"line":41,"column":6},"end":{"line":43,"column":7}},"type":"if","locations":[{"start":{"line":41,"column":6},"end":{"line":43,"column":7}},{"start":{},"end":{}}],"line":41}},"s":{"0":1,"1":1,"2":1,"3":1,"4":2,"5":2,"6":2,"7":2,"8":1,"9":1,"10":1,"11":0,"12":0,"13":0,"14":0,"15":0,"16":0,"17":0,"18":0,"19":0,"20":0,"21":0,"22":0,"23":0,"24":0,"25":0,"26":0,"27":0,"28":0,"29":0,"30":0,"31":0,"32":0,"33":0,"34":0,"35":0},"f":{"0":2,"1":0,"2":0,"3":0,"4":0,"5":0,"6":0},"b":{"0":[0,0],"1":[0,0]},"_coverageSchema":"1a1c01bbd47fc00a2c39e90264f33305004495a9","hash":"b515a59529128a8bfc19b880c3b9672e3e596d6a"}
,"/Users/sergiojaramillo/Documents/makeitreal/top27/examples/backend/api-with-mongo/src/api/user/user.model.js": {"path":"/Users/sergiojaramillo/Documents/makeitreal/top27/examples/backend/api-with-mongo/src/api/user/user.model.js","statementMap":{"0":{"start":{"line":1,"column":34},"end":{"line":1,"column":53}},"1":{"start":{"line":3,"column":19},"end":{"line":3,"column":64}},"2":{"start":{"line":5,"column":19},"end":{"line":46,"column":1}},"3":{"start":{"line":23,"column":10},"end":{"line":28,"column":11}},"4":{"start":{"line":24,"column":25},"end":{"line":24,"column":68}},"5":{"start":{"line":25,"column":12},"end":{"line":25,"column":24}},"6":{"start":{"line":27,"column":12},"end":{"line":27,"column":24}},"7":{"start":{"line":48,"column":13},"end":{"line":48,"column":38}},"8":{"start":{"line":50,"column":0},"end":{"line":50,"column":22}}},"fnMap":{"0":{"name":"(anonymous_0)","decl":{"start":{"line":22,"column":8},"end":{"line":22,"column":9}},"loc":{"start":{"line":22,"column":31},"end":{"line":29,"column":9}},"line":22}},"branchMap":{},"s":{"0":1,"1":1,"2":1,"3":1,"4":1,"5":1,"6":0,"7":1,"8":1},"f":{"0":1},"b":{},"_coverageSchema":"1a1c01bbd47fc00a2c39e90264f33305004495a9","hash":"4f4a1655ca1cf784b9a020720988244c60f023f7"}
,"/Users/sergiojaramillo/Documents/makeitreal/top27/examples/backend/api-with-mongo/src/config/database.js": {"path":"/Users/sergiojaramillo/Documents/makeitreal/top27/examples/backend/api-with-mongo/src/config/database.js","statementMap":{"0":{"start":{"line":1,"column":17},"end":{"line":1,"column":36}},"1":{"start":{"line":5,"column":16},"end":{"line":25,"column":1}},"2":{"start":{"line":6,"column":2},"end":{"line":6,"column":23}},"3":{"start":{"line":6,"column":17},"end":{"line":6,"column":23}},"4":{"start":{"line":8,"column":19},"end":{"line":8,"column":43}},"5":{"start":{"line":10,"column":2},"end":{"line":10,"column":34}},"6":{"start":{"line":12,"column":2},"end":{"line":14,"column":4}},"7":{"start":{"line":13,"column":4},"end":{"line":13,"column":44}},"8":{"start":{"line":16,"column":2},"end":{"line":18,"column":4}},"9":{"start":{"line":17,"column":4},"end":{"line":17,"column":43}},"10":{"start":{"line":20,"column":2},"end":{"line":22,"column":4}},"11":{"start":{"line":21,"column":4},"end":{"line":21,"column":47}},"12":{"start":{"line":24,"column":2},"end":{"line":24,"column":34}},"13":{"start":{"line":27,"column":21},"end":{"line":31,"column":1}},"14":{"start":{"line":28,"column":2},"end":{"line":28,"column":24}},"15":{"start":{"line":28,"column":18},"end":{"line":28,"column":24}},"16":{"start":{"line":30,"column":2},"end":{"line":30,"column":29}},"17":{"start":{"line":33,"column":16},"end":{"line":37,"column":3}},"18":{"start":{"line":34,"column":4},"end":{"line":36,"column":5}},"19":{"start":{"line":35,"column":6},"end":{"line":35,"column":61}},"20":{"start":{"line":39,"column":2},"end":{"line":39,"column":53}}},"fnMap":{"0":{"name":"(anonymous_0)","decl":{"start":{"line":5,"column":16},"end":{"line":5,"column":17}},"loc":{"start":{"line":5,"column":28},"end":{"line":25,"column":1}},"line":5},"1":{"name":"(anonymous_1)","decl":{"start":{"line":12,"column":26},"end":{"line":12,"column":27}},"loc":{"start":{"line":12,"column":32},"end":{"line":14,"column":3}},"line":12},"2":{"name":"(anonymous_2)","decl":{"start":{"line":16,"column":32},"end":{"line":16,"column":33}},"loc":{"start":{"line":16,"column":38},"end":{"line":18,"column":3}},"line":16},"3":{"name":"(anonymous_3)","decl":{"start":{"line":20,"column":25},"end":{"line":20,"column":26}},"loc":{"start":{"line":20,"column":36},"end":{"line":22,"column":3}},"line":20},"4":{"name":"(anonymous_4)","decl":{"start":{"line":27,"column":21},"end":{"line":27,"column":22}},"loc":{"start":{"line":27,"column":33},"end":{"line":31,"column":1}},"line":27},"5":{"name":"(anonymous_5)","decl":{"start":{"line":33,"column":16},"end":{"line":33,"column":17}},"loc":{"start":{"line":33,"column":28},"end":{"line":37,"column":3}},"line":33}},"branchMap":{"0":{"loc":{"start":{"line":6,"column":2},"end":{"line":6,"column":23}},"type":"if","locations":[{"start":{"line":6,"column":2},"end":{"line":6,"column":23}},{"start":{},"end":{}}],"line":6},"1":{"loc":{"start":{"line":28,"column":2},"end":{"line":28,"column":24}},"type":"if","locations":[{"start":{"line":28,"column":2},"end":{"line":28,"column":24}},{"start":{},"end":{}}],"line":28}},"s":{"0":1,"1":1,"2":2,"3":1,"4":1,"5":1,"6":1,"7":1,"8":1,"9":1,"10":1,"11":0,"12":1,"13":1,"14":1,"15":0,"16":1,"17":1,"18":2,"19":4,"20":1},"f":{"0":2,"1":1,"2":1,"3":0,"4":1,"5":2},"b":{"0":[1,1],"1":[0,1]},"_coverageSchema":"1a1c01bbd47fc00a2c39e90264f33305004495a9","hash":"a96aaa5876284a72eb8e560ab2fef62147f6c752"}
,"/Users/sergiojaramillo/Documents/makeitreal/top27/examples/backend/api-with-mongo/src/config/swagger.js": {"path":"/Users/sergiojaramillo/Documents/makeitreal/top27/examples/backend/api-with-mongo/src/config/swagger.js","statementMap":{"0":{"start":{"line":1,"column":13},"end":{"line":1,"column":28}},"1":{"start":{"line":2,"column":21},"end":{"line":2,"column":45}},"2":{"start":{"line":3,"column":18},"end":{"line":3,"column":47}},"3":{"start":{"line":5,"column":20},"end":{"line":5,"column":49}},"4":{"start":{"line":6,"column":18},"end":{"line":6,"column":60}},"5":{"start":{"line":8,"column":16},"end":{"line":37,"column":1}},"6":{"start":{"line":39,"column":20},"end":{"line":39,"column":41}},"7":{"start":{"line":41,"column":20},"end":{"line":45,"column":1}},"8":{"start":{"line":42,"column":2},"end":{"line":42,"column":66}},"9":{"start":{"line":44,"column":22},"end":{"line":44,"column":114}},"10":{"start":{"line":47,"column":0},"end":{"line":48,"column":21}},"11":{"start":{"line":48,"column":38},"end":{"line":48,"column":35885}},"12":{"start":{"line":48,"column":42},"end":{"line":48,"column":35874}},"13":{"start":{"line":48,"column":35910},"end":{"line":48,"column":35950}},"14":{"start":{"line":48,"column":35914},"end":{"line":48,"column":35939}},"15":{"start":{"line":48,"column":35951},"end":{"line":48,"column":35959}},"16":{"start":{"line":48,"column":35984},"end":{"line":48,"column":36026}},"17":{"start":{"line":48,"column":35988},"end":{"line":48,"column":36015}},"18":{"start":{"line":48,"column":36027},"end":{"line":48,"column":36035}},"19":{"start":{"line":48,"column":36054},"end":{"line":48,"column":36091}},"20":{"start":{"line":48,"column":36058},"end":{"line":48,"column":36080}},"21":{"start":{"line":48,"column":36110},"end":{"line":48,"column":36150}},"22":{"start":{"line":48,"column":36114},"end":{"line":48,"column":36139}}},"fnMap":{"0":{"name":"(anonymous_0)","decl":{"start":{"line":41,"column":20},"end":{"line":41,"column":21}},"loc":{"start":{"line":41,"column":35},"end":{"line":45,"column":1}},"line":41},"1":{"name":"oo_cm","decl":{"start":{"line":48,"column":30},"end":{"line":48,"column":35}},"loc":{"start":{"line":48,"column":37},"end":{"line":48,"column":35886}},"line":48},"2":{"name":"oo_oo","decl":{"start":{"line":48,"column":35896},"end":{"line":48,"column":35901}},"loc":{"start":{"line":48,"column":35909},"end":{"line":48,"column":35960}},"line":48},"3":{"name":"oo_tr","decl":{"start":{"line":48,"column":35970},"end":{"line":48,"column":35975}},"loc":{"start":{"line":48,"column":35983},"end":{"line":48,"column":36036}},"line":48},"4":{"name":"oo_ts","decl":{"start":{"line":48,"column":36046},"end":{"line":48,"column":36051}},"loc":{"start":{"line":48,"column":36053},"end":{"line":48,"column":36092}},"line":48},"5":{"name":"oo_te","decl":{"start":{"line":48,"column":36102},"end":{"line":48,"column":36107}},"loc":{"start":{"line":48,"column":36109},"end":{"line":48,"column":36151}},"line":48}},"branchMap":{"0":{"loc":{"start":{"line":48,"column":49},"end":{"line":48,"column":35873}},"type":"binary-expr","locations":[{"start":{"line":48,"column":49},"end":{"line":48,"column":86}},{"start":{"line":48,"column":90},"end":{"line":48,"column":35873}}],"line":48}},"s":{"0":1,"1":1,"2":1,"3":1,"4":1,"5":1,"6":1,"7":1,"8":1,"9":1,"10":1,"11":1,"12":1,"13":1,"14":1,"15":1,"16":0,"17":0,"18":0,"19":0,"20":0,"21":0,"22":0},"f":{"0":1,"1":1,"2":1,"3":0,"4":0,"5":0},"b":{"0":[1,1]},"_coverageSchema":"1a1c01bbd47fc00a2c39e90264f33305004495a9","hash":"a7232161488aee2ac619f5a62d6cfe340a792e05"}
}
